2025-09-08 08:54:18.276 [background-preinit] INFO  [null] o.h.validator.internal.util.Version.<clinit> - HV000001: Hibernate Validator 8.0.2.Final
2025-09-08 08:54:18.329 [main] INFO  [null] c.a.l.LiveBusTrackingServiceApplication.logStarting - Starting LiveBusTrackingServiceApplication using Java 21.0.8 with PID 1092 (C:\Users\10598925708\IdeaProjects\live-bus-tracking-service\target\classes started by 10598925708 in C:\Users\10598925708\IdeaProjects\live-bus-tracking-service)
2025-09-08 08:54:18.329 [main] DEBUG [null] c.a.l.LiveBusTrackingServiceApplication.logStarting - Running with Spring Boot v3.4.2, Spring v6.2.2
2025-09-08 08:54:18.330 [main] INFO  [null] c.a.l.LiveBusTrackingServiceApplication.logStartupProfileInfo - No active profile set, falling back to 1 default profile: "default"
2025-09-08 08:54:19.826 [main] INFO  [null] o.s.b.w.e.tomcat.TomcatWebServer.initialize - Tomcat initialized with port 8080 (http)
2025-09-08 08:54:19.842 [main] INFO  [null] o.a.coyote.http11.Http11NioProtocol.log - Initializing ProtocolHandler ["http-nio-8080"]
2025-09-08 08:54:19.845 [main] INFO  [null] o.a.catalina.core.StandardService.log - Starting service [Tomcat]
2025-09-08 08:54:19.846 [main] INFO  [null] o.a.catalina.core.StandardEngine.log - Starting Servlet engine: [Apache Tomcat/10.1.34]
2025-09-08 08:54:19.917 [main] INFO  [null] o.a.c.c.C.[Tomcat].[localhost].[/].log - Initializing Spring embedded WebApplicationContext
2025-09-08 08:54:19.918 [main] INFO  [null] o.s.b.w.s.c.ServletWebServerApplicationContext.prepareWebApplicationContext - Root WebApplicationContext: initialization completed in 1551 ms
2025-09-08 08:54:20.166 [main] DEBUG [null] c.a.l.config.MdcConfig$1.init - Filter 'mdcFilter' configured for use
2025-09-08 08:54:20.231 [main] WARN  [null] o.s.b.w.s.c.AnnotationConfigServletWebServerApplicationContext.refresh - Exception encountered during context initialization - cancelling refresh attempt: org.springframework.beans.factory.UnsatisfiedDependencyException: Error creating bean with name 'gpsPollingService' defined in file [C:\Users\10598925708\IdeaProjects\live-bus-tracking-service\target\classes\com\azvtech\live_bus_tracking_service\service\GpsPollingService.class]: Unsatisfied dependency expressed through constructor parameter 2: Error creating bean with name 'restClient' defined in class path resource [com/azvtech/live_bus_tracking_service/config/RestClientConfig.class]: Failed to instantiate [org.springframework.web.client.RestClient]: Factory method 'restClient' threw exception with message: org/apache/hc/client5/http/classic/HttpClient
2025-09-08 08:54:20.240 [main] INFO  [null] o.a.catalina.core.StandardService.log - Stopping service [Tomcat]
2025-09-08 08:54:20.257 [main] INFO  [null] o.s.b.a.l.ConditionEvaluationReportLogger.logMessage - 

Error starting ApplicationContext. To display the condition evaluation report re-run your application with 'debug' enabled.
2025-09-08 08:54:20.298 [main] ERROR [null] o.s.boot.SpringApplication.reportFailure - Application run failed
org.springframework.beans.factory.UnsatisfiedDependencyException: Error creating bean with name 'gpsPollingService' defined in file [C:\Users\10598925708\IdeaProjects\live-bus-tracking-service\target\classes\com\azvtech\live_bus_tracking_service\service\GpsPollingService.class]: Unsatisfied dependency expressed through constructor parameter 2: Error creating bean with name 'restClient' defined in class path resource [com/azvtech/live_bus_tracking_service/config/RestClientConfig.class]: Failed to instantiate [org.springframework.web.client.RestClient]: Factory method 'restClient' threw exception with message: org/apache/hc/client5/http/classic/HttpClient
	at org.springframework.beans.factory.support.ConstructorResolver.createArgumentArray(ConstructorResolver.java:804)
	at org.springframework.beans.factory.support.ConstructorResolver.autowireConstructor(ConstructorResolver.java:240)
	at org.springframework.beans.factory.support.AbstractAutowireCapableBeanFactory.autowireConstructor(AbstractAutowireCapableBeanFactory.java:1381)
	at org.springframework.beans.factory.support.AbstractAutowireCapableBeanFactory.createBeanInstance(AbstractAutowireCapableBeanFactory.java:1218)
	at org.springframework.beans.factory.support.AbstractAutowireCapableBeanFactory.doCreateBean(AbstractAutowireCapableBeanFactory.java:563)
	at org.springframework.beans.factory.support.AbstractAutowireCapableBeanFactory.createBean(AbstractAutowireCapableBeanFactory.java:523)
	at org.springframework.beans.factory.support.AbstractBeanFactory.lambda$doGetBean$0(AbstractBeanFactory.java:336)
	at org.springframework.beans.factory.support.DefaultSingletonBeanRegistry.getSingleton(DefaultSingletonBeanRegistry.java:307)
	at org.springframework.beans.factory.support.AbstractBeanFactory.doGetBean(AbstractBeanFactory.java:334)
	at org.springframework.beans.factory.support.AbstractBeanFactory.getBean(AbstractBeanFactory.java:199)
	at org.springframework.beans.factory.support.DefaultListableBeanFactory.instantiateSingleton(DefaultListableBeanFactory.java:1122)
	at org.springframework.beans.factory.support.DefaultListableBeanFactory.preInstantiateSingleton(DefaultListableBeanFactory.java:1093)
	at org.springframework.beans.factory.support.DefaultListableBeanFactory.preInstantiateSingletons(DefaultListableBeanFactory.java:1030)
	at org.springframework.context.support.AbstractApplicationContext.finishBeanFactoryInitialization(AbstractApplicationContext.java:987)
	at org.springframework.context.support.AbstractApplicationContext.refresh(AbstractApplicationContext.java:627)
	at org.springframework.boot.web.servlet.context.ServletWebServerApplicationContext.refresh(ServletWebServerApplicationContext.java:146)
	at org.springframework.boot.SpringApplication.refresh(SpringApplication.java:752)
	at org.springframework.boot.SpringApplication.refreshContext(SpringApplication.java:439)
	at org.springframework.boot.SpringApplication.run(SpringApplication.java:318)
	at org.springframework.boot.SpringApplication.run(SpringApplication.java:1361)
	at org.springframework.boot.SpringApplication.run(SpringApplication.java:1350)
	at com.azvtech.live_bus_tracking_service.LiveBusTrackingServiceApplication.main(LiveBusTrackingServiceApplication.java:12)
Caused by: org.springframework.beans.factory.BeanCreationException: Error creating bean with name 'restClient' defined in class path resource [com/azvtech/live_bus_tracking_service/config/RestClientConfig.class]: Failed to instantiate [org.springframework.web.client.RestClient]: Factory method 'restClient' threw exception with message: org/apache/hc/client5/http/classic/HttpClient
	at org.springframework.beans.factory.support.ConstructorResolver.instantiate(ConstructorResolver.java:657)
	at org.springframework.beans.factory.support.ConstructorResolver.instantiateUsingFactoryMethod(ConstructorResolver.java:489)
	at org.springframework.beans.factory.support.AbstractAutowireCapableBeanFactory.instantiateUsingFactoryMethod(AbstractAutowireCapableBeanFactory.java:1361)
	at org.springframework.beans.factory.support.AbstractAutowireCapableBeanFactory.createBeanInstance(AbstractAutowireCapableBeanFactory.java:1191)
	at org.springframework.beans.factory.support.AbstractAutowireCapableBeanFactory.doCreateBean(AbstractAutowireCapableBeanFactory.java:563)
	at org.springframework.beans.factory.support.AbstractAutowireCapableBeanFactory.createBean(AbstractAutowireCapableBeanFactory.java:523)
	at org.springframework.beans.factory.support.AbstractBeanFactory.lambda$doGetBean$0(AbstractBeanFactory.java:336)
	at org.springframework.beans.factory.support.DefaultSingletonBeanRegistry.getSingleton(DefaultSingletonBeanRegistry.java:307)
	at org.springframework.beans.factory.support.AbstractBeanFactory.doGetBean(AbstractBeanFactory.java:334)
	at org.springframework.beans.factory.support.AbstractBeanFactory.getBean(AbstractBeanFactory.java:199)
	at org.springframework.beans.factory.support.DefaultListableBeanFactory.doResolveDependency(DefaultListableBeanFactory.java:1573)
	at org.springframework.beans.factory.support.DefaultListableBeanFactory.resolveDependency(DefaultListableBeanFactory.java:1519)
	at org.springframework.beans.factory.support.ConstructorResolver.resolveAutowiredArgument(ConstructorResolver.java:913)
	at org.springframework.beans.factory.support.ConstructorResolver.createArgumentArray(ConstructorResolver.java:791)
	... 21 common frames omitted
Caused by: org.springframework.beans.BeanInstantiationException: Failed to instantiate [org.springframework.web.client.RestClient]: Factory method 'restClient' threw exception with message: org/apache/hc/client5/http/classic/HttpClient
	at org.springframework.beans.factory.support.SimpleInstantiationStrategy.lambda$instantiate$0(SimpleInstantiationStrategy.java:199)
	at org.springframework.beans.factory.support.SimpleInstantiationStrategy.instantiateWithFactoryMethod(SimpleInstantiationStrategy.java:88)
	at org.springframework.beans.factory.support.SimpleInstantiationStrategy.instantiate(SimpleInstantiationStrategy.java:168)
	at org.springframework.beans.factory.support.ConstructorResolver.instantiate(ConstructorResolver.java:653)
	... 34 common frames omitted
Caused by: java.lang.NoClassDefFoundError: org/apache/hc/client5/http/classic/HttpClient
	at com.azvtech.live_bus_tracking_service.config.RestClientConfig.timeoutRequestFactory(RestClientConfig.java:28)
	at com.azvtech.live_bus_tracking_service.config.RestClientConfig.restClient(RestClientConfig.java:23)
	at com.azvtech.live_bus_tracking_service.config.RestClientConfig$$SpringCGLIB$$0.CGLIB$restClient$0(<generated>)
	at com.azvtech.live_bus_tracking_service.config.RestClientConfig$$SpringCGLIB$$FastClass$$1.invoke(<generated>)
	at org.springframework.cglib.proxy.MethodProxy.invokeSuper(MethodProxy.java:258)
	at org.springframework.context.annotation.ConfigurationClassEnhancer$BeanMethodInterceptor.intercept(ConfigurationClassEnhancer.java:348)
	at com.azvtech.live_bus_tracking_service.config.RestClientConfig$$SpringCGLIB$$0.restClient(<generated>)
	at java.base/jdk.internal.reflect.DirectMethodHandleAccessor.invoke(DirectMethodHandleAccessor.java:103)
	at java.base/java.lang.reflect.Method.invoke(Method.java:580)
	at org.springframework.beans.factory.support.SimpleInstantiationStrategy.lambda$instantiate$0(SimpleInstantiationStrategy.java:171)
	... 37 common frames omitted
Caused by: java.lang.ClassNotFoundException: org.apache.hc.client5.http.classic.HttpClient
	at java.base/jdk.internal.loader.BuiltinClassLoader.loadClass(BuiltinClassLoader.java:641)
	at java.base/jdk.internal.loader.ClassLoaders$AppClassLoader.loadClass(ClassLoaders.java:188)
	at java.base/java.lang.ClassLoader.loadClass(ClassLoader.java:526)
	... 47 common frames omitted
2025-09-08 09:14:12.393 [background-preinit] INFO  [null] o.h.validator.internal.util.Version.<clinit> - HV000001: Hibernate Validator 8.0.2.Final
2025-09-08 09:14:12.475 [main] INFO  [null] c.a.l.LiveBusTrackingServiceApplication.logStarting - Starting LiveBusTrackingServiceApplication using Java 21.0.8 with PID 1920 (C:\Users\10598925708\IdeaProjects\live-bus-tracking-service\target\classes started by 10598925708 in C:\Users\10598925708\IdeaProjects\live-bus-tracking-service)
2025-09-08 09:14:12.475 [main] DEBUG [null] c.a.l.LiveBusTrackingServiceApplication.logStarting - Running with Spring Boot v3.4.2, Spring v6.2.2
2025-09-08 09:14:12.476 [main] INFO  [null] c.a.l.LiveBusTrackingServiceApplication.logStartupProfileInfo - No active profile set, falling back to 1 default profile: "default"
2025-09-08 09:14:13.809 [main] INFO  [null] o.s.b.w.e.tomcat.TomcatWebServer.initialize - Tomcat initialized with port 8080 (http)
2025-09-08 09:14:13.826 [main] INFO  [null] o.a.coyote.http11.Http11NioProtocol.log - Initializing ProtocolHandler ["http-nio-8080"]
2025-09-08 09:14:13.829 [main] INFO  [null] o.a.catalina.core.StandardService.log - Starting service [Tomcat]
2025-09-08 09:14:13.829 [main] INFO  [null] o.a.catalina.core.StandardEngine.log - Starting Servlet engine: [Apache Tomcat/10.1.34]
2025-09-08 09:14:13.897 [main] INFO  [null] o.a.c.c.C.[Tomcat].[localhost].[/].log - Initializing Spring embedded WebApplicationContext
2025-09-08 09:14:13.899 [main] INFO  [null] o.s.b.w.s.c.ServletWebServerApplicationContext.prepareWebApplicationContext - Root WebApplicationContext: initialization completed in 1365 ms
2025-09-08 09:14:14.121 [main] DEBUG [null] c.a.l.config.MdcConfig$1.init - Filter 'mdcFilter' configured for use
2025-09-08 09:14:14.164 [main] WARN  [null] o.s.b.w.s.c.AnnotationConfigServletWebServerApplicationContext.refresh - Exception encountered during context initialization - cancelling refresh attempt: org.springframework.beans.factory.UnsatisfiedDependencyException: Error creating bean with name 'gpsPollingService' defined in file [C:\Users\10598925708\IdeaProjects\live-bus-tracking-service\target\classes\com\azvtech\live_bus_tracking_service\service\GpsPollingService.class]: Unsatisfied dependency expressed through constructor parameter 2: No qualifying bean of type 'org.springframework.web.client.RestClient' available: expected at least 1 bean which qualifies as autowire candidate. Dependency annotations: {}
2025-09-08 09:14:14.167 [main] INFO  [null] o.a.catalina.core.StandardService.log - Stopping service [Tomcat]
2025-09-08 09:14:14.182 [main] INFO  [null] o.s.b.a.l.ConditionEvaluationReportLogger.logMessage - 

Error starting ApplicationContext. To display the condition evaluation report re-run your application with 'debug' enabled.
2025-09-08 09:14:14.206 [main] ERROR [null] o.s.b.d.LoggingFailureAnalysisReporter.report - 

***************************
APPLICATION FAILED TO START
***************************

Description:

Parameter 2 of constructor in com.azvtech.live_bus_tracking_service.service.GpsPollingService required a bean of type 'org.springframework.web.client.RestClient' that could not be found.


Action:

Consider defining a bean of type 'org.springframework.web.client.RestClient' in your configuration.

2025-09-08 09:16:51.258 [background-preinit] INFO  [null] o.h.validator.internal.util.Version.<clinit> - HV000001: Hibernate Validator 8.0.2.Final
2025-09-08 09:16:51.309 [main] INFO  [null] c.a.l.LiveBusTrackingServiceApplication.logStarting - Starting LiveBusTrackingServiceApplication using Java 21.0.8 with PID 13632 (C:\Users\10598925708\IdeaProjects\live-bus-tracking-service\target\classes started by 10598925708 in C:\Users\10598925708\IdeaProjects\live-bus-tracking-service)
2025-09-08 09:16:51.310 [main] DEBUG [null] c.a.l.LiveBusTrackingServiceApplication.logStarting - Running with Spring Boot v3.4.2, Spring v6.2.2
2025-09-08 09:16:51.312 [main] INFO  [null] c.a.l.LiveBusTrackingServiceApplication.logStartupProfileInfo - No active profile set, falling back to 1 default profile: "default"
2025-09-08 09:16:52.503 [main] INFO  [null] o.s.b.w.e.tomcat.TomcatWebServer.initialize - Tomcat initialized with port 8080 (http)
2025-09-08 09:16:52.519 [main] INFO  [null] o.a.coyote.http11.Http11NioProtocol.log - Initializing ProtocolHandler ["http-nio-8080"]
2025-09-08 09:16:52.522 [main] INFO  [null] o.a.catalina.core.StandardService.log - Starting service [Tomcat]
2025-09-08 09:16:52.523 [main] INFO  [null] o.a.catalina.core.StandardEngine.log - Starting Servlet engine: [Apache Tomcat/10.1.34]
2025-09-08 09:16:52.598 [main] INFO  [null] o.a.c.c.C.[Tomcat].[localhost].[/].log - Initializing Spring embedded WebApplicationContext
2025-09-08 09:16:52.600 [main] INFO  [null] o.s.b.w.s.c.ServletWebServerApplicationContext.prepareWebApplicationContext - Root WebApplicationContext: initialization completed in 1217 ms
2025-09-08 09:16:52.767 [main] DEBUG [null] c.a.l.config.MdcConfig$1.init - Filter 'mdcFilter' configured for use
2025-09-08 09:16:53.347 [main] INFO  [null] o.s.b.a.e.web.EndpointLinksResolver.<init> - Exposing 3 endpoints beneath base path '/actuator'
2025-09-08 09:16:53.396 [main] INFO  [null] o.a.coyote.http11.Http11NioProtocol.log - Starting ProtocolHandler ["http-nio-8080"]
2025-09-08 09:16:53.419 [main] INFO  [null] o.s.b.w.e.tomcat.TomcatWebServer.start - Tomcat started on port 8080 (http) with context path '/'
2025-09-08 09:16:53.433 [main] INFO  [null] c.a.l.LiveBusTrackingServiceApplication.logStarted - Started LiveBusTrackingServiceApplication in 2.728 seconds (process running for 3.19)
2025-09-08 09:17:37.035 [http-nio-8080-exec-1] INFO  [null] o.a.c.c.C.[Tomcat].[localhost].[/].log - Initializing Spring DispatcherServlet 'dispatcherServlet'
2025-09-08 09:17:37.035 [http-nio-8080-exec-1] INFO  [null] o.s.web.servlet.DispatcherServlet.initServletBean - Initializing Servlet 'dispatcherServlet'
2025-09-08 09:17:37.037 [http-nio-8080-exec-1] INFO  [null] o.s.web.servlet.DispatcherServlet.initServletBean - Completed initialization in 1 ms
2025-09-08 09:17:50.972 [http-nio-8080-exec-4] INFO  [null] c.a.l.handler.GpsWebSocketHandler.afterConnectionEstablished - New client connected: c4df645e-5149-ea41-fdd7-6e59c7def2b2
2025-09-08 09:18:08.180 [GpsPolling-1] INFO  [null] c.a.l.handler.GpsWebSocketHandler.broadcastUpdate - Broadcasting 3736 records to 1 clients in batches of 10
2025-09-08 09:20:03.590 [GpsPolling-1] INFO  [null] c.a.l.handler.GpsWebSocketHandler.broadcastUpdate - Broadcasting 3708 records to 1 clients in batches of 10
2025-09-08 09:21:56.856 [GpsPolling-2] INFO  [null] c.a.l.handler.GpsWebSocketHandler.broadcastUpdate - Broadcasting 3693 records to 1 clients in batches of 10
2025-09-08 09:22:32.454 [SpringApplicationShutdownHook] INFO  [null] o.s.b.w.e.tomcat.GracefulShutdown.shutDownGracefully - Commencing graceful shutdown. Waiting for active requests to complete
2025-09-08 09:22:32.459 [tomcat-shutdown] INFO  [null] o.s.b.w.e.tomcat.GracefulShutdown.doShutdown - Graceful shutdown complete
2025-09-08 09:22:32.468 [SpringApplicationShutdownHook] ERROR [null] c.a.l.handler.GpsWebSocketHandler.handleTransportError - Transport error in session c4df645e-5149-ea41-fdd7-6e59c7def2b2: java.nio.channels.ClosedChannelException
java.io.IOException: java.nio.channels.ClosedChannelException
	at org.apache.tomcat.websocket.WsRemoteEndpointImplBase.sendMessageBlockInternal(WsRemoteEndpointImplBase.java:326)
	at org.apache.tomcat.websocket.WsRemoteEndpointImplBase.sendMessageBlock(WsRemoteEndpointImplBase.java:266)
	at org.apache.tomcat.websocket.WsSession.sendCloseMessage(WsSession.java:792)
	at org.apache.tomcat.websocket.WsSession.doClose(WsSession.java:589)
	at org.apache.tomcat.websocket.WsSession.doClose(WsSession.java:556)
	at org.apache.tomcat.websocket.WsSession.close(WsSession.java:544)
	at org.apache.tomcat.websocket.WsWebSocketContainer.destroy(WsWebSocketContainer.java:1024)
	at org.apache.tomcat.websocket.server.WsContextListener.contextDestroyed(WsContextListener.java:46)
	at org.apache.catalina.core.StandardContext.listenerStop(StandardContext.java:4052)
	at org.apache.catalina.core.StandardContext.stopInternal(StandardContext.java:4662)
	at org.apache.catalina.util.LifecycleBase.stop(LifecycleBase.java:235)
	at org.apache.catalina.core.ContainerBase$StopChild.call(ContainerBase.java:1219)
	at org.apache.catalina.core.ContainerBase$StopChild.call(ContainerBase.java:1208)
	at java.base/java.util.concurrent.FutureTask.run(FutureTask.java:317)
	at org.apache.tomcat.util.threads.InlineExecutorService.execute(InlineExecutorService.java:75)
	at java.base/java.util.concurrent.AbstractExecutorService.submit(AbstractExecutorService.java:145)
	at org.apache.catalina.core.ContainerBase.stopInternal(ContainerBase.java:814)
	at org.apache.catalina.util.LifecycleBase.stop(LifecycleBase.java:235)
	at org.apache.catalina.core.ContainerBase$StopChild.call(ContainerBase.java:1219)
	at org.apache.catalina.core.ContainerBase$StopChild.call(ContainerBase.java:1208)
	at java.base/java.util.concurrent.FutureTask.run(FutureTask.java:317)
	at org.apache.tomcat.util.threads.InlineExecutorService.execute(InlineExecutorService.java:75)
	at java.base/java.util.concurrent.AbstractExecutorService.submit(AbstractExecutorService.java:145)
	at org.apache.catalina.core.ContainerBase.stopInternal(ContainerBase.java:814)
	at org.apache.catalina.util.LifecycleBase.stop(LifecycleBase.java:235)
	at org.apache.catalina.core.StandardService.stopInternal(StandardService.java:471)
	at org.apache.catalina.util.LifecycleBase.stop(LifecycleBase.java:235)
	at org.apache.catalina.core.StandardServer.stopInternal(StandardServer.java:915)
	at org.apache.catalina.util.LifecycleBase.stop(LifecycleBase.java:235)
	at org.apache.catalina.startup.Tomcat.stop(Tomcat.java:447)
	at org.springframework.boot.web.embedded.tomcat.TomcatWebServer.stopTomcat(TomcatWebServer.java:301)
	at org.springframework.boot.web.embedded.tomcat.TomcatWebServer.destroy(TomcatWebServer.java:374)
	at org.springframework.boot.web.servlet.context.ServletWebServerApplicationContext.doClose(ServletWebServerApplicationContext.java:177)
	at org.springframework.context.support.AbstractApplicationContext.close(AbstractApplicationContext.java:1126)
	at org.springframework.boot.SpringApplicationShutdownHook.closeAndWait(SpringApplicationShutdownHook.java:147)
	at java.base/java.lang.Iterable.forEach(Iterable.java:75)
	at org.springframework.boot.SpringApplicationShutdownHook.run(SpringApplicationShutdownHook.java:116)
	at java.base/java.lang.Thread.run(Thread.java:1583)
Caused by: java.nio.channels.ClosedChannelException: null
	at org.apache.tomcat.util.net.NioChannel$1.write(NioChannel.java:273)
	at org.apache.tomcat.util.net.NioEndpoint$NioSocketWrapper$NioOperationState.run(NioEndpoint.java:1632)
	at org.apache.tomcat.util.net.SocketWrapperBase$OperationState.start(SocketWrapperBase.java:1051)
	at org.apache.tomcat.util.net.SocketWrapperBase.vectoredOperation(SocketWrapperBase.java:1440)
	at org.apache.tomcat.util.net.SocketWrapperBase.write(SocketWrapperBase.java:1366)
	at org.apache.tomcat.util.net.SocketWrapperBase.write(SocketWrapperBase.java:1337)
	at org.apache.tomcat.websocket.server.WsRemoteEndpointImplServer.doWrite(WsRemoteEndpointImplServer.java:171)
	at org.apache.tomcat.websocket.WsRemoteEndpointImplBase.writeMessagePart(WsRemoteEndpointImplBase.java:521)
	at org.apache.tomcat.websocket.WsRemoteEndpointImplBase.sendMessageBlockInternal(WsRemoteEndpointImplBase.java:313)
	... 37 common frames omitted
2025-09-08 09:22:32.470 [SpringApplicationShutdownHook] ERROR [null] c.a.l.handler.GpsWebSocketHandler.handleTransportError - Failed to send error message to session c4df645e-5149-ea41-fdd7-6e59c7def2b2: The transformer has been closed and may no longer be used
2025-09-08 09:22:42.328 [background-preinit] INFO  [null] o.h.validator.internal.util.Version.<clinit> - HV000001: Hibernate Validator 8.0.2.Final
2025-09-08 09:22:42.380 [main] INFO  [null] c.a.l.LiveBusTrackingServiceApplication.logStarting - Starting LiveBusTrackingServiceApplication using Java 21.0.8 with PID 5276 (C:\Users\10598925708\IdeaProjects\live-bus-tracking-service\target\classes started by 10598925708 in C:\Users\10598925708\IdeaProjects\live-bus-tracking-service)
2025-09-08 09:22:42.380 [main] DEBUG [null] c.a.l.LiveBusTrackingServiceApplication.logStarting - Running with Spring Boot v3.4.2, Spring v6.2.2
2025-09-08 09:22:42.382 [main] INFO  [null] c.a.l.LiveBusTrackingServiceApplication.logStartupProfileInfo - No active profile set, falling back to 1 default profile: "default"
2025-09-08 09:22:43.599 [main] INFO  [null] o.s.b.w.e.tomcat.TomcatWebServer.initialize - Tomcat initialized with port 8080 (http)
2025-09-08 09:22:43.613 [main] INFO  [null] o.a.coyote.http11.Http11NioProtocol.log - Initializing ProtocolHandler ["http-nio-8080"]
2025-09-08 09:22:43.616 [main] INFO  [null] o.a.catalina.core.StandardService.log - Starting service [Tomcat]
2025-09-08 09:22:43.617 [main] INFO  [null] o.a.catalina.core.StandardEngine.log - Starting Servlet engine: [Apache Tomcat/10.1.34]
2025-09-08 09:22:43.677 [main] INFO  [null] o.a.c.c.C.[Tomcat].[localhost].[/].log - Initializing Spring embedded WebApplicationContext
2025-09-08 09:22:43.678 [main] INFO  [null] o.s.b.w.s.c.ServletWebServerApplicationContext.prepareWebApplicationContext - Root WebApplicationContext: initialization completed in 1233 ms
2025-09-08 09:22:43.845 [main] DEBUG [null] c.a.l.config.MdcConfig$1.init - Filter 'mdcFilter' configured for use
2025-09-08 09:22:44.372 [main] INFO  [null] o.s.b.a.e.web.EndpointLinksResolver.<init> - Exposing 3 endpoints beneath base path '/actuator'
2025-09-08 09:22:44.409 [main] INFO  [null] o.a.coyote.http11.Http11NioProtocol.log - Starting ProtocolHandler ["http-nio-8080"]
2025-09-08 09:22:44.430 [main] INFO  [null] o.s.b.w.e.tomcat.TomcatWebServer.start - Tomcat started on port 8080 (http) with context path '/'
2025-09-08 09:22:44.444 [main] INFO  [null] c.a.l.LiveBusTrackingServiceApplication.logStarted - Started LiveBusTrackingServiceApplication in 2.58 seconds (process running for 2.947)
2025-09-08 09:22:44.452 [GpsPolling-1] DEBUG [null] c.a.l.service.GpsPollingService.lambda$checkForUpdates$1 - Starting scheduled GPS polling
2025-09-08 09:22:44.454 [GpsPolling-1] DEBUG [null] c.a.l.service.GpsPollingService.lambda$checkForUpdates$1 - Fetching GPS data from 2025-09-08+09:20:44 to 2025-09-08+09:22:44
2025-09-08 09:22:44.464 [GpsPolling-1] DEBUG [null] c.a.l.service.GpsPollingService.fetchGpsData - Making request to URL: https://dados.mobilidade.rio/gps/sppo?dataInicial=2025-09-08+09:20:44&dataFinal=2025-09-08+09:22:44
2025-09-08 09:22:46.409 [http-nio-8080-exec-1] INFO  [null] o.a.c.c.C.[Tomcat].[localhost].[/].log - Initializing Spring DispatcherServlet 'dispatcherServlet'
2025-09-08 09:22:46.409 [http-nio-8080-exec-1] INFO  [null] o.s.web.servlet.DispatcherServlet.initServletBean - Initializing Servlet 'dispatcherServlet'
2025-09-08 09:22:46.410 [http-nio-8080-exec-1] INFO  [null] o.s.web.servlet.DispatcherServlet.initServletBean - Completed initialization in 1 ms
2025-09-08 09:22:46.447 [http-nio-8080-exec-1] INFO  [null] c.a.l.handler.GpsWebSocketHandler.afterConnectionEstablished - New client connected: 816f0c76-7be5-bccc-22f0-ec566c9a4113
2025-09-08 09:22:59.698 [http-nio-8080-exec-6] INFO  [null] c.a.l.handler.GpsWebSocketHandler.afterConnectionClosed - Connection closed: 816f0c76-7be5-bccc-22f0-ec566c9a4113 - Reason: null
2025-09-08 09:22:59.773 [http-nio-8080-exec-4] INFO  [null] c.a.l.handler.GpsWebSocketHandler.afterConnectionEstablished - New client connected: 08cdf8b6-7639-f0fa-201d-5ad383b69730
2025-09-08 09:25:45.260 [GpsPolling-1] ERROR [null] c.a.l.service.GpsPollingService.lambda$checkForUpdates$1 - Polling failed: 504 Gateway Time-out on GET request for "https://dados.mobilidade.rio/gps/sppo": "<html><EOL><EOL><head><title>504 Gateway Time-out</title></head><EOL><EOL><body><EOL><EOL><center><h1>504 Gateway Time-out</h1></center><EOL><EOL><hr><center>nginx</center><EOL><EOL></body><EOL><EOL></html><EOL><EOL>"
org.springframework.web.client.HttpServerErrorException$GatewayTimeout: 504 Gateway Time-out on GET request for "https://dados.mobilidade.rio/gps/sppo": "<html><EOL><EOL><head><title>504 Gateway Time-out</title></head><EOL><EOL><body><EOL><EOL><center><h1>504 Gateway Time-out</h1></center><EOL><EOL><hr><center>nginx</center><EOL><EOL></body><EOL><EOL></html><EOL><EOL>"
	at org.springframework.web.client.HttpServerErrorException.create(HttpServerErrorException.java:114)
	at org.springframework.web.client.DefaultResponseErrorHandler.handleError(DefaultResponseErrorHandler.java:189)
	at org.springframework.web.client.DefaultResponseErrorHandler.handleError(DefaultResponseErrorHandler.java:147)
	at org.springframework.web.client.RestTemplate.handleResponse(RestTemplate.java:953)
	at org.springframework.web.client.RestTemplate.doExecute(RestTemplate.java:902)
	at org.springframework.web.client.RestTemplate.execute(RestTemplate.java:801)
	at org.springframework.web.client.RestTemplate.getForObject(RestTemplate.java:415)
	at com.azvtech.live_bus_tracking_service.service.GpsPollingService.fetchGpsData(GpsPollingService.java:153)
	at com.azvtech.live_bus_tracking_service.service.GpsPollingService.lambda$checkForUpdates$0(GpsPollingService.java:118)
	at io.micrometer.core.instrument.AbstractTimer.record(AbstractTimer.java:190)
	at com.azvtech.live_bus_tracking_service.service.GpsPollingService.lambda$checkForUpdates$1(GpsPollingService.java:115)
	at io.micrometer.core.instrument.AbstractTimer.record(AbstractTimer.java:250)
	at com.azvtech.live_bus_tracking_service.service.GpsPollingService.checkForUpdates(GpsPollingService.java:104)
	at java.base/jdk.internal.reflect.DirectMethodHandleAccessor.invoke(DirectMethodHandleAccessor.java:103)
	at java.base/java.lang.reflect.Method.invoke(Method.java:580)
	at org.springframework.scheduling.support.ScheduledMethodRunnable.runInternal(ScheduledMethodRunnable.java:130)
	at org.springframework.scheduling.support.ScheduledMethodRunnable.lambda$run$2(ScheduledMethodRunnable.java:124)
	at io.micrometer.observation.Observation.observe(Observation.java:498)
	at org.springframework.scheduling.support.ScheduledMethodRunnable.run(ScheduledMethodRunnable.java:124)
	at org.springframework.scheduling.config.Task$OutcomeTrackingRunnable.run(Task.java:85)
	at org.springframework.scheduling.support.DelegatingErrorHandlingRunnable.run(DelegatingErrorHandlingRunnable.java:54)
	at java.base/java.util.concurrent.Executors$RunnableAdapter.call(Executors.java:572)
	at java.base/java.util.concurrent.FutureTask.runAndReset(FutureTask.java:358)
	at java.base/java.util.concurrent.ScheduledThreadPoolExecutor$ScheduledFutureTask.run(ScheduledThreadPoolExecutor.java:305)
	at com.azvtech.live_bus_tracking_service.config.MdcConfig.lambda$mdcTaskDecorator$0(MdcConfig.java:64)
	at org.springframework.scheduling.concurrent.ThreadPoolTaskScheduler$DelegatingRunnableScheduledFuture.run(ThreadPoolTaskScheduler.java:508)
	at java.base/java.util.concurrent.ThreadPoolExecutor.runWorker(ThreadPoolExecutor.java:1144)
	at java.base/java.util.concurrent.ThreadPoolExecutor$Worker.run(ThreadPoolExecutor.java:642)
	at java.base/java.lang.Thread.run(Thread.java:1583)
2025-09-08 09:26:45.271 [GpsPolling-1] DEBUG [null] c.a.l.service.GpsPollingService.lambda$checkForUpdates$1 - Starting scheduled GPS polling
2025-09-08 09:26:45.272 [GpsPolling-1] DEBUG [null] c.a.l.service.GpsPollingService.lambda$checkForUpdates$1 - Fetching GPS data from 2025-09-08+09:24:45 to 2025-09-08+09:26:45
2025-09-08 09:26:45.273 [GpsPolling-1] DEBUG [null] c.a.l.service.GpsPollingService.fetchGpsData - Making request to URL: https://dados.mobilidade.rio/gps/sppo?dataInicial=2025-09-08+09:24:45&dataFinal=2025-09-08+09:26:45
2025-09-08 09:27:51.971 [GpsPolling-1] DEBUG [null] c.a.l.service.GpsPollingService.fetchGpsData - Received response with 2791355 characters
2025-09-08 09:27:52.151 [GpsPolling-1] DEBUG [null] c.a.l.service.GpsPollingService.parseGpsData - Parsed 14560 GPS records from JSON
2025-09-08 09:27:52.154 [GpsPolling-1] DEBUG [null] c.a.l.service.GpsPollingService.getLatestUpdates - Filtered 3718 unique vehicles from 14560 total records
2025-09-08 09:27:52.155 [GpsPolling-1] INFO  [null] c.a.l.handler.GpsWebSocketHandler.broadcastUpdate - Broadcasting 3718 records to 1 clients in batches of 10
2025-09-08 09:27:52.310 [GpsPolling-1] DEBUG [null] c.a.l.service.GpsPollingService.processData - Broadcasted 3718 records to WebSocket clients
2025-09-08 09:27:52.310 [GpsPolling-1] INFO  [null] c.a.l.service.GpsPollingService.lambda$checkForUpdates$1 - Polling completed: processed 3718 GPS records
2025-09-08 09:28:39.261 [SpringApplicationShutdownHook] INFO  [null] o.s.b.w.e.tomcat.GracefulShutdown.shutDownGracefully - Commencing graceful shutdown. Waiting for active requests to complete
2025-09-08 09:28:39.267 [tomcat-shutdown] INFO  [null] o.s.b.w.e.tomcat.GracefulShutdown.doShutdown - Graceful shutdown complete
2025-09-08 09:28:39.275 [SpringApplicationShutdownHook] ERROR [null] c.a.l.handler.GpsWebSocketHandler.handleTransportError - Transport error in session 08cdf8b6-7639-f0fa-201d-5ad383b69730: java.nio.channels.ClosedChannelException
java.io.IOException: java.nio.channels.ClosedChannelException
	at org.apache.tomcat.websocket.WsRemoteEndpointImplBase.sendMessageBlockInternal(WsRemoteEndpointImplBase.java:326)
	at org.apache.tomcat.websocket.WsRemoteEndpointImplBase.sendMessageBlock(WsRemoteEndpointImplBase.java:266)
	at org.apache.tomcat.websocket.WsSession.sendCloseMessage(WsSession.java:792)
	at org.apache.tomcat.websocket.WsSession.doClose(WsSession.java:589)
	at org.apache.tomcat.websocket.WsSession.doClose(WsSession.java:556)
	at org.apache.tomcat.websocket.WsSession.close(WsSession.java:544)
	at org.apache.tomcat.websocket.WsWebSocketContainer.destroy(WsWebSocketContainer.java:1024)
	at org.apache.tomcat.websocket.server.WsContextListener.contextDestroyed(WsContextListener.java:46)
	at org.apache.catalina.core.StandardContext.listenerStop(StandardContext.java:4052)
	at org.apache.catalina.core.StandardContext.stopInternal(StandardContext.java:4662)
	at org.apache.catalina.util.LifecycleBase.stop(LifecycleBase.java:235)
	at org.apache.catalina.core.ContainerBase$StopChild.call(ContainerBase.java:1219)
	at org.apache.catalina.core.ContainerBase$StopChild.call(ContainerBase.java:1208)
	at java.base/java.util.concurrent.FutureTask.run(FutureTask.java:317)
	at org.apache.tomcat.util.threads.InlineExecutorService.execute(InlineExecutorService.java:75)
	at java.base/java.util.concurrent.AbstractExecutorService.submit(AbstractExecutorService.java:145)
	at org.apache.catalina.core.ContainerBase.stopInternal(ContainerBase.java:814)
	at org.apache.catalina.util.LifecycleBase.stop(LifecycleBase.java:235)
	at org.apache.catalina.core.ContainerBase$StopChild.call(ContainerBase.java:1219)
	at org.apache.catalina.core.ContainerBase$StopChild.call(ContainerBase.java:1208)
	at java.base/java.util.concurrent.FutureTask.run(FutureTask.java:317)
	at org.apache.tomcat.util.threads.InlineExecutorService.execute(InlineExecutorService.java:75)
	at java.base/java.util.concurrent.AbstractExecutorService.submit(AbstractExecutorService.java:145)
	at org.apache.catalina.core.ContainerBase.stopInternal(ContainerBase.java:814)
	at org.apache.catalina.util.LifecycleBase.stop(LifecycleBase.java:235)
	at org.apache.catalina.core.StandardService.stopInternal(StandardService.java:471)
	at org.apache.catalina.util.LifecycleBase.stop(LifecycleBase.java:235)
	at org.apache.catalina.core.StandardServer.stopInternal(StandardServer.java:915)
	at org.apache.catalina.util.LifecycleBase.stop(LifecycleBase.java:235)
	at org.apache.catalina.startup.Tomcat.stop(Tomcat.java:447)
	at org.springframework.boot.web.embedded.tomcat.TomcatWebServer.stopTomcat(TomcatWebServer.java:301)
	at org.springframework.boot.web.embedded.tomcat.TomcatWebServer.destroy(TomcatWebServer.java:374)
	at org.springframework.boot.web.servlet.context.ServletWebServerApplicationContext.doClose(ServletWebServerApplicationContext.java:177)
	at org.springframework.context.support.AbstractApplicationContext.close(AbstractApplicationContext.java:1126)
	at org.springframework.boot.SpringApplicationShutdownHook.closeAndWait(SpringApplicationShutdownHook.java:147)
	at java.base/java.lang.Iterable.forEach(Iterable.java:75)
	at org.springframework.boot.SpringApplicationShutdownHook.run(SpringApplicationShutdownHook.java:116)
	at java.base/java.lang.Thread.run(Thread.java:1583)
Caused by: java.nio.channels.ClosedChannelException: null
	at org.apache.tomcat.util.net.NioChannel$1.write(NioChannel.java:273)
	at org.apache.tomcat.util.net.NioEndpoint$NioSocketWrapper$NioOperationState.run(NioEndpoint.java:1632)
	at org.apache.tomcat.util.net.SocketWrapperBase$OperationState.start(SocketWrapperBase.java:1051)
	at org.apache.tomcat.util.net.SocketWrapperBase.vectoredOperation(SocketWrapperBase.java:1440)
	at org.apache.tomcat.util.net.SocketWrapperBase.write(SocketWrapperBase.java:1366)
	at org.apache.tomcat.util.net.SocketWrapperBase.write(SocketWrapperBase.java:1337)
	at org.apache.tomcat.websocket.server.WsRemoteEndpointImplServer.doWrite(WsRemoteEndpointImplServer.java:171)
	at org.apache.tomcat.websocket.WsRemoteEndpointImplBase.writeMessagePart(WsRemoteEndpointImplBase.java:521)
	at org.apache.tomcat.websocket.WsRemoteEndpointImplBase.sendMessageBlockInternal(WsRemoteEndpointImplBase.java:313)
	... 37 common frames omitted
2025-09-08 09:28:39.275 [SpringApplicationShutdownHook] ERROR [null] c.a.l.handler.GpsWebSocketHandler.handleTransportError - Failed to send error message to session 08cdf8b6-7639-f0fa-201d-5ad383b69730: The transformer has been closed and may no longer be used
2025-09-08 09:28:46.217 [background-preinit] INFO  [null] o.h.validator.internal.util.Version.<clinit> - HV000001: Hibernate Validator 8.0.2.Final
2025-09-08 09:28:46.271 [main] INFO  [null] c.a.l.LiveBusTrackingServiceApplication.logStarting - Starting LiveBusTrackingServiceApplication using Java 21.0.8 with PID 16892 (C:\Users\10598925708\IdeaProjects\live-bus-tracking-service\target\classes started by 10598925708 in C:\Users\10598925708\IdeaProjects\live-bus-tracking-service)
2025-09-08 09:28:46.272 [main] DEBUG [null] c.a.l.LiveBusTrackingServiceApplication.logStarting - Running with Spring Boot v3.4.2, Spring v6.2.2
2025-09-08 09:28:46.273 [main] INFO  [null] c.a.l.LiveBusTrackingServiceApplication.logStartupProfileInfo - No active profile set, falling back to 1 default profile: "default"
2025-09-08 09:28:47.526 [main] INFO  [null] o.s.b.w.e.tomcat.TomcatWebServer.initialize - Tomcat initialized with port 8080 (http)
2025-09-08 09:28:47.540 [main] INFO  [null] o.a.coyote.http11.Http11NioProtocol.log - Initializing ProtocolHandler ["http-nio-8080"]
2025-09-08 09:28:47.544 [main] INFO  [null] o.a.catalina.core.StandardService.log - Starting service [Tomcat]
2025-09-08 09:28:47.544 [main] INFO  [null] o.a.catalina.core.StandardEngine.log - Starting Servlet engine: [Apache Tomcat/10.1.34]
2025-09-08 09:28:47.609 [main] INFO  [null] o.a.c.c.C.[Tomcat].[localhost].[/].log - Initializing Spring embedded WebApplicationContext
2025-09-08 09:28:47.610 [main] INFO  [null] o.s.b.w.s.c.ServletWebServerApplicationContext.prepareWebApplicationContext - Root WebApplicationContext: initialization completed in 1286 ms
2025-09-08 09:28:47.785 [main] DEBUG [null] c.a.l.config.MdcConfig$1.init - Filter 'mdcFilter' configured for use
2025-09-08 09:28:48.287 [main] INFO  [null] o.s.b.a.e.web.EndpointLinksResolver.<init> - Exposing 3 endpoints beneath base path '/actuator'
2025-09-08 09:28:48.329 [main] INFO  [null] o.a.coyote.http11.Http11NioProtocol.log - Starting ProtocolHandler ["http-nio-8080"]
2025-09-08 09:28:48.352 [main] INFO  [null] o.s.b.w.e.tomcat.TomcatWebServer.start - Tomcat started on port 8080 (http) with context path '/'
2025-09-08 09:28:48.366 [main] INFO  [null] c.a.l.LiveBusTrackingServiceApplication.logStarted - Started LiveBusTrackingServiceApplication in 2.611 seconds (process running for 2.965)
2025-09-08 09:28:48.373 [GpsPolling-1] DEBUG [null] c.a.l.service.GpsPollingService.lambda$checkForUpdates$1 - Starting scheduled GPS polling
2025-09-08 09:28:48.375 [GpsPolling-1] DEBUG [null] c.a.l.service.GpsPollingService.lambda$checkForUpdates$1 - Fetching GPS data from 2025-09-08+09:27:38 to 2025-09-08+09:28:48
2025-09-08 09:28:48.388 [GpsPolling-1] DEBUG [null] c.a.l.service.GpsPollingService.fetchGpsData - Making request to URL: https://dados.mobilidade.rio/gps/sppo?dataInicial=2025-09-08+09:27:38&dataFinal=2025-09-08+09:28:48
2025-09-08 09:28:52.427 [http-nio-8080-exec-1] INFO  [null] o.a.c.c.C.[Tomcat].[localhost].[/].log - Initializing Spring DispatcherServlet 'dispatcherServlet'
2025-09-08 09:28:52.428 [http-nio-8080-exec-1] INFO  [null] o.s.web.servlet.DispatcherServlet.initServletBean - Initializing Servlet 'dispatcherServlet'
2025-09-08 09:28:52.429 [http-nio-8080-exec-1] INFO  [null] o.s.web.servlet.DispatcherServlet.initServletBean - Completed initialization in 1 ms
2025-09-08 09:28:52.466 [http-nio-8080-exec-1] INFO  [null] c.a.l.handler.GpsWebSocketHandler.afterConnectionEstablished - New client connected: 970bc7fa-23c2-ae46-a153-c177ad3c5782
2025-09-08 09:29:05.350 [http-nio-8080-exec-4] INFO  [null] c.a.l.handler.GpsWebSocketHandler.afterConnectionClosed - Connection closed: 970bc7fa-23c2-ae46-a153-c177ad3c5782 - Reason: null
2025-09-08 09:29:05.440 [http-nio-8080-exec-3] INFO  [null] c.a.l.handler.GpsWebSocketHandler.afterConnectionEstablished - New client connected: 4b915987-30a0-56fe-2ef2-b0adab11afe3
2025-09-08 09:29:25.510 [GpsPolling-1] DEBUG [null] c.a.l.service.GpsPollingService.fetchGpsData - Received response with 1467812 characters
2025-09-08 09:29:25.604 [GpsPolling-1] DEBUG [null] c.a.l.service.GpsPollingService.parseGpsData - Parsed 7655 GPS records from JSON
2025-09-08 09:29:25.608 [GpsPolling-1] DEBUG [null] c.a.l.service.GpsPollingService.getLatestUpdates - Filtered 3595 unique vehicles from 7655 total records
2025-09-08 09:29:25.609 [GpsPolling-1] INFO  [null] c.a.l.handler.GpsWebSocketHandler.broadcastUpdate - Broadcasting 3595 records to 1 clients in batches of 10
2025-09-08 09:29:25.739 [GpsPolling-1] DEBUG [null] c.a.l.service.GpsPollingService.processData - Broadcasted 3595 records to WebSocket clients
2025-09-08 09:29:25.739 [GpsPolling-1] INFO  [null] c.a.l.service.GpsPollingService.lambda$checkForUpdates$1 - Polling completed: processed 3595 GPS records
2025-09-08 09:29:27.750 [GpsPolling-1] DEBUG [null] c.a.l.service.GpsPollingService.lambda$checkForUpdates$1 - Starting scheduled GPS polling
2025-09-08 09:29:27.751 [GpsPolling-1] DEBUG [null] c.a.l.service.GpsPollingService.lambda$checkForUpdates$1 - Fetching GPS data from 2025-09-08+09:28:17 to 2025-09-08+09:29:27
2025-09-08 09:29:27.753 [GpsPolling-1] DEBUG [null] c.a.l.service.GpsPollingService.fetchGpsData - Making request to URL: https://dados.mobilidade.rio/gps/sppo?dataInicial=2025-09-08+09:28:17&dataFinal=2025-09-08+09:29:27
2025-09-08 09:30:12.636 [GpsPolling-1] DEBUG [null] c.a.l.service.GpsPollingService.fetchGpsData - Received response with 1389802 characters
2025-09-08 09:30:12.668 [GpsPolling-1] DEBUG [null] c.a.l.service.GpsPollingService.parseGpsData - Parsed 7250 GPS records from JSON
2025-09-08 09:30:12.669 [GpsPolling-1] DEBUG [null] c.a.l.service.GpsPollingService.getLatestUpdates - Filtered 3560 unique vehicles from 7250 total records
2025-09-08 09:30:12.670 [GpsPolling-1] INFO  [null] c.a.l.handler.GpsWebSocketHandler.broadcastUpdate - Broadcasting 3560 records to 1 clients in batches of 10
2025-09-08 09:30:12.719 [GpsPolling-1] DEBUG [null] c.a.l.service.GpsPollingService.processData - Broadcasted 3560 records to WebSocket clients
2025-09-08 09:30:12.720 [GpsPolling-1] INFO  [null] c.a.l.service.GpsPollingService.lambda$checkForUpdates$1 - Polling completed: processed 3560 GPS records
2025-09-08 09:30:14.728 [GpsPolling-2] DEBUG [null] c.a.l.service.GpsPollingService.lambda$checkForUpdates$1 - Starting scheduled GPS polling
2025-09-08 09:30:14.729 [GpsPolling-2] DEBUG [null] c.a.l.service.GpsPollingService.lambda$checkForUpdates$1 - Fetching GPS data from 2025-09-08+09:29:04 to 2025-09-08+09:30:14
2025-09-08 09:30:14.730 [GpsPolling-2] DEBUG [null] c.a.l.service.GpsPollingService.fetchGpsData - Making request to URL: https://dados.mobilidade.rio/gps/sppo?dataInicial=2025-09-08+09:29:04&dataFinal=2025-09-08+09:30:14
2025-09-08 09:30:51.139 [GpsPolling-2] DEBUG [null] c.a.l.service.GpsPollingService.fetchGpsData - Received response with 1569483 characters
2025-09-08 09:30:51.159 [GpsPolling-2] DEBUG [null] c.a.l.service.GpsPollingService.parseGpsData - Parsed 8186 GPS records from JSON
2025-09-08 09:30:51.162 [GpsPolling-2] DEBUG [null] c.a.l.service.GpsPollingService.getLatestUpdates - Filtered 3590 unique vehicles from 8186 total records
2025-09-08 09:30:51.163 [GpsPolling-2] INFO  [null] c.a.l.handler.GpsWebSocketHandler.broadcastUpdate - Broadcasting 3590 records to 1 clients in batches of 10
2025-09-08 09:30:51.193 [GpsPolling-2] DEBUG [null] c.a.l.service.GpsPollingService.processData - Broadcasted 3590 records to WebSocket clients
2025-09-08 09:30:51.193 [GpsPolling-2] INFO  [null] c.a.l.service.GpsPollingService.lambda$checkForUpdates$1 - Polling completed: processed 3590 GPS records
2025-09-08 09:30:53.204 [GpsPolling-1] DEBUG [null] c.a.l.service.GpsPollingService.lambda$checkForUpdates$1 - Starting scheduled GPS polling
2025-09-08 09:30:53.204 [GpsPolling-1] DEBUG [null] c.a.l.service.GpsPollingService.lambda$checkForUpdates$1 - Fetching GPS data from 2025-09-08+09:29:43 to 2025-09-08+09:30:53
2025-09-08 09:30:53.205 [GpsPolling-1] DEBUG [null] c.a.l.service.GpsPollingService.fetchGpsData - Making request to URL: https://dados.mobilidade.rio/gps/sppo?dataInicial=2025-09-08+09:29:43&dataFinal=2025-09-08+09:30:53
2025-09-08 09:31:25.905 [GpsPolling-1] DEBUG [null] c.a.l.service.GpsPollingService.fetchGpsData - Received response with 1402717 characters
2025-09-08 09:31:25.918 [GpsPolling-1] DEBUG [null] c.a.l.service.GpsPollingService.parseGpsData - Parsed 7316 GPS records from JSON
2025-09-08 09:31:25.920 [GpsPolling-1] DEBUG [null] c.a.l.service.GpsPollingService.getLatestUpdates - Filtered 3569 unique vehicles from 7316 total records
2025-09-08 09:31:25.921 [GpsPolling-1] INFO  [null] c.a.l.handler.GpsWebSocketHandler.broadcastUpdate - Broadcasting 3569 records to 1 clients in batches of 10
2025-09-08 09:31:25.966 [GpsPolling-1] DEBUG [null] c.a.l.service.GpsPollingService.processData - Broadcasted 3569 records to WebSocket clients
2025-09-08 09:31:25.967 [GpsPolling-1] INFO  [null] c.a.l.service.GpsPollingService.lambda$checkForUpdates$1 - Polling completed: processed 3569 GPS records
2025-09-08 09:31:27.979 [GpsPolling-1] DEBUG [null] c.a.l.service.GpsPollingService.lambda$checkForUpdates$1 - Starting scheduled GPS polling
2025-09-08 09:31:27.980 [GpsPolling-1] DEBUG [null] c.a.l.service.GpsPollingService.lambda$checkForUpdates$1 - Fetching GPS data from 2025-09-08+09:30:17 to 2025-09-08+09:31:27
2025-09-08 09:31:27.981 [GpsPolling-1] DEBUG [null] c.a.l.service.GpsPollingService.fetchGpsData - Making request to URL: https://dados.mobilidade.rio/gps/sppo?dataInicial=2025-09-08+09:30:17&dataFinal=2025-09-08+09:31:27
2025-09-08 09:32:02.052 [GpsPolling-1] DEBUG [null] c.a.l.service.GpsPollingService.fetchGpsData - Received response with 1445109 characters
2025-09-08 09:32:02.075 [GpsPolling-1] DEBUG [null] c.a.l.service.GpsPollingService.parseGpsData - Parsed 7538 GPS records from JSON
2025-09-08 09:32:02.077 [GpsPolling-1] DEBUG [null] c.a.l.service.GpsPollingService.getLatestUpdates - Filtered 3580 unique vehicles from 7538 total records
2025-09-08 09:32:02.077 [GpsPolling-1] INFO  [null] c.a.l.handler.GpsWebSocketHandler.broadcastUpdate - Broadcasting 3580 records to 1 clients in batches of 10
2025-09-08 09:32:02.108 [GpsPolling-1] DEBUG [null] c.a.l.service.GpsPollingService.processData - Broadcasted 3580 records to WebSocket clients
2025-09-08 09:32:02.108 [GpsPolling-1] INFO  [null] c.a.l.service.GpsPollingService.lambda$checkForUpdates$1 - Polling completed: processed 3580 GPS records
2025-09-08 09:32:04.125 [GpsPolling-1] DEBUG [null] c.a.l.service.GpsPollingService.lambda$checkForUpdates$1 - Starting scheduled GPS polling
2025-09-08 09:32:04.125 [GpsPolling-1] DEBUG [null] c.a.l.service.GpsPollingService.lambda$checkForUpdates$1 - Fetching GPS data from 2025-09-08+09:30:54 to 2025-09-08+09:32:04
2025-09-08 09:32:04.125 [GpsPolling-1] DEBUG [null] c.a.l.service.GpsPollingService.fetchGpsData - Making request to URL: https://dados.mobilidade.rio/gps/sppo?dataInicial=2025-09-08+09:30:54&dataFinal=2025-09-08+09:32:04
2025-09-08 09:32:37.631 [GpsPolling-1] DEBUG [null] c.a.l.service.GpsPollingService.fetchGpsData - Received response with 1423833 characters
2025-09-08 09:32:37.645 [GpsPolling-1] DEBUG [null] c.a.l.service.GpsPollingService.parseGpsData - Parsed 7428 GPS records from JSON
2025-09-08 09:32:37.646 [GpsPolling-1] DEBUG [null] c.a.l.service.GpsPollingService.getLatestUpdates - Filtered 3596 unique vehicles from 7428 total records
2025-09-08 09:32:37.646 [GpsPolling-1] INFO  [null] c.a.l.handler.GpsWebSocketHandler.broadcastUpdate - Broadcasting 3596 records to 1 clients in batches of 10
2025-09-08 09:32:37.682 [GpsPolling-1] DEBUG [null] c.a.l.service.GpsPollingService.processData - Broadcasted 3596 records to WebSocket clients
2025-09-08 09:32:37.682 [GpsPolling-1] INFO  [null] c.a.l.service.GpsPollingService.lambda$checkForUpdates$1 - Polling completed: processed 3596 GPS records
2025-09-08 09:32:39.687 [GpsPolling-1] DEBUG [null] c.a.l.service.GpsPollingService.lambda$checkForUpdates$1 - Starting scheduled GPS polling
2025-09-08 09:32:39.688 [GpsPolling-1] DEBUG [null] c.a.l.service.GpsPollingService.lambda$checkForUpdates$1 - Fetching GPS data from 2025-09-08+09:31:29 to 2025-09-08+09:32:39
2025-09-08 09:32:39.688 [GpsPolling-1] DEBUG [null] c.a.l.service.GpsPollingService.fetchGpsData - Making request to URL: https://dados.mobilidade.rio/gps/sppo?dataInicial=2025-09-08+09:31:29&dataFinal=2025-09-08+09:32:39
2025-09-08 09:33:11.680 [GpsPolling-1] DEBUG [null] c.a.l.service.GpsPollingService.fetchGpsData - Received response with 1404087 characters
2025-09-08 09:33:11.692 [GpsPolling-1] DEBUG [null] c.a.l.service.GpsPollingService.parseGpsData - Parsed 7324 GPS records from JSON
2025-09-08 09:33:11.693 [GpsPolling-1] DEBUG [null] c.a.l.service.GpsPollingService.getLatestUpdates - Filtered 3547 unique vehicles from 7324 total records
2025-09-08 09:33:11.693 [GpsPolling-1] INFO  [null] c.a.l.handler.GpsWebSocketHandler.broadcastUpdate - Broadcasting 3547 records to 1 clients in batches of 10
2025-09-08 09:33:11.749 [GpsPolling-1] DEBUG [null] c.a.l.service.GpsPollingService.processData - Broadcasted 3547 records to WebSocket clients
2025-09-08 09:33:11.750 [GpsPolling-1] INFO  [null] c.a.l.service.GpsPollingService.lambda$checkForUpdates$1 - Polling completed: processed 3547 GPS records
2025-09-08 09:33:13.752 [GpsPolling-1] DEBUG [null] c.a.l.service.GpsPollingService.lambda$checkForUpdates$1 - Starting scheduled GPS polling
2025-09-08 09:33:13.753 [GpsPolling-1] DEBUG [null] c.a.l.service.GpsPollingService.lambda$checkForUpdates$1 - Fetching GPS data from 2025-09-08+09:32:03 to 2025-09-08+09:33:13
2025-09-08 09:33:13.754 [GpsPolling-1] DEBUG [null] c.a.l.service.GpsPollingService.fetchGpsData - Making request to URL: https://dados.mobilidade.rio/gps/sppo?dataInicial=2025-09-08+09:32:03&dataFinal=2025-09-08+09:33:13
2025-09-08 09:33:49.316 [GpsPolling-1] DEBUG [null] c.a.l.service.GpsPollingService.fetchGpsData - Received response with 1695594 characters
2025-09-08 09:33:49.330 [GpsPolling-1] DEBUG [null] c.a.l.service.GpsPollingService.parseGpsData - Parsed 8845 GPS records from JSON
2025-09-08 09:33:49.332 [GpsPolling-1] DEBUG [null] c.a.l.service.GpsPollingService.getLatestUpdates - Filtered 3581 unique vehicles from 8845 total records
2025-09-08 09:33:49.332 [GpsPolling-1] INFO  [null] c.a.l.handler.GpsWebSocketHandler.broadcastUpdate - Broadcasting 3581 records to 1 clients in batches of 10
2025-09-08 09:33:49.414 [GpsPolling-1] DEBUG [null] c.a.l.service.GpsPollingService.processData - Broadcasted 3581 records to WebSocket clients
2025-09-08 09:33:49.415 [GpsPolling-1] INFO  [null] c.a.l.service.GpsPollingService.lambda$checkForUpdates$1 - Polling completed: processed 3581 GPS records
2025-09-08 09:33:51.418 [GpsPolling-1] DEBUG [null] c.a.l.service.GpsPollingService.lambda$checkForUpdates$1 - Starting scheduled GPS polling
2025-09-08 09:33:51.419 [GpsPolling-1] DEBUG [null] c.a.l.service.GpsPollingService.lambda$checkForUpdates$1 - Fetching GPS data from 2025-09-08+09:32:41 to 2025-09-08+09:33:51
2025-09-08 09:33:51.419 [GpsPolling-1] DEBUG [null] c.a.l.service.GpsPollingService.fetchGpsData - Making request to URL: https://dados.mobilidade.rio/gps/sppo?dataInicial=2025-09-08+09:32:41&dataFinal=2025-09-08+09:33:51
2025-09-08 09:34:18.948 [GpsPolling-1] DEBUG [null] c.a.l.service.GpsPollingService.fetchGpsData - Received response with 1548035 characters
2025-09-08 09:34:18.966 [GpsPolling-1] DEBUG [null] c.a.l.service.GpsPollingService.parseGpsData - Parsed 8075 GPS records from JSON
2025-09-08 09:34:18.970 [GpsPolling-1] DEBUG [null] c.a.l.service.GpsPollingService.getLatestUpdates - Filtered 3594 unique vehicles from 8075 total records
2025-09-08 09:34:18.970 [GpsPolling-1] INFO  [null] c.a.l.handler.GpsWebSocketHandler.broadcastUpdate - Broadcasting 3594 records to 1 clients in batches of 10
2025-09-08 09:34:18.998 [GpsPolling-1] DEBUG [null] c.a.l.service.GpsPollingService.processData - Broadcasted 3594 records to WebSocket clients
2025-09-08 09:34:18.998 [GpsPolling-1] INFO  [null] c.a.l.service.GpsPollingService.lambda$checkForUpdates$1 - Polling completed: processed 3594 GPS records
2025-09-08 09:34:21.008 [GpsPolling-1] DEBUG [null] c.a.l.service.GpsPollingService.lambda$checkForUpdates$1 - Starting scheduled GPS polling
2025-09-08 09:34:21.008 [GpsPolling-1] DEBUG [null] c.a.l.service.GpsPollingService.lambda$checkForUpdates$1 - Fetching GPS data from 2025-09-08+09:33:11 to 2025-09-08+09:34:21
2025-09-08 09:34:21.009 [GpsPolling-1] DEBUG [null] c.a.l.service.GpsPollingService.fetchGpsData - Making request to URL: https://dados.mobilidade.rio/gps/sppo?dataInicial=2025-09-08+09:33:11&dataFinal=2025-09-08+09:34:21
2025-09-08 09:35:00.520 [GpsPolling-1] DEBUG [null] c.a.l.service.GpsPollingService.fetchGpsData - Received response with 1555201 characters
2025-09-08 09:35:00.527 [GpsPolling-1] DEBUG [null] c.a.l.service.GpsPollingService.parseGpsData - Parsed 8113 GPS records from JSON
2025-09-08 09:35:00.528 [GpsPolling-1] DEBUG [null] c.a.l.service.GpsPollingService.getLatestUpdates - Filtered 3567 unique vehicles from 8113 total records
2025-09-08 09:35:00.529 [GpsPolling-1] INFO  [null] c.a.l.handler.GpsWebSocketHandler.broadcastUpdate - Broadcasting 3567 records to 1 clients in batches of 10
2025-09-08 09:35:00.563 [GpsPolling-1] DEBUG [null] c.a.l.service.GpsPollingService.processData - Broadcasted 3567 records to WebSocket clients
2025-09-08 09:35:00.563 [GpsPolling-1] INFO  [null] c.a.l.service.GpsPollingService.lambda$checkForUpdates$1 - Polling completed: processed 3567 GPS records
2025-09-08 09:35:02.578 [GpsPolling-1] DEBUG [null] c.a.l.service.GpsPollingService.lambda$checkForUpdates$1 - Starting scheduled GPS polling
2025-09-08 09:35:02.579 [GpsPolling-1] DEBUG [null] c.a.l.service.GpsPollingService.lambda$checkForUpdates$1 - Fetching GPS data from 2025-09-08+09:33:52 to 2025-09-08+09:35:02
2025-09-08 09:35:02.579 [GpsPolling-1] DEBUG [null] c.a.l.service.GpsPollingService.fetchGpsData - Making request to URL: https://dados.mobilidade.rio/gps/sppo?dataInicial=2025-09-08+09:33:52&dataFinal=2025-09-08+09:35:02
2025-09-08 09:35:31.500 [GpsPolling-1] DEBUG [null] c.a.l.service.GpsPollingService.fetchGpsData - Received response with 1404741 characters
2025-09-08 09:35:31.519 [GpsPolling-1] DEBUG [null] c.a.l.service.GpsPollingService.parseGpsData - Parsed 7328 GPS records from JSON
2025-09-08 09:35:31.521 [GpsPolling-1] DEBUG [null] c.a.l.service.GpsPollingService.getLatestUpdates - Filtered 3545 unique vehicles from 7328 total records
2025-09-08 09:35:31.522 [GpsPolling-1] INFO  [null] c.a.l.handler.GpsWebSocketHandler.broadcastUpdate - Broadcasting 3545 records to 1 clients in batches of 10
2025-09-08 09:35:31.588 [GpsPolling-1] DEBUG [null] c.a.l.service.GpsPollingService.processData - Broadcasted 3545 records to WebSocket clients
2025-09-08 09:35:31.589 [GpsPolling-1] INFO  [null] c.a.l.service.GpsPollingService.lambda$checkForUpdates$1 - Polling completed: processed 3545 GPS records
2025-09-08 09:35:33.591 [GpsPolling-1] DEBUG [null] c.a.l.service.GpsPollingService.lambda$checkForUpdates$1 - Starting scheduled GPS polling
2025-09-08 09:35:33.592 [GpsPolling-1] DEBUG [null] c.a.l.service.GpsPollingService.lambda$checkForUpdates$1 - Fetching GPS data from 2025-09-08+09:34:23 to 2025-09-08+09:35:33
2025-09-08 09:35:33.593 [GpsPolling-1] DEBUG [null] c.a.l.service.GpsPollingService.fetchGpsData - Making request to URL: https://dados.mobilidade.rio/gps/sppo?dataInicial=2025-09-08+09:34:23&dataFinal=2025-09-08+09:35:33
2025-09-08 09:36:07.417 [GpsPolling-1] DEBUG [null] c.a.l.service.GpsPollingService.fetchGpsData - Received response with 1418291 characters
2025-09-08 09:36:07.428 [GpsPolling-1] DEBUG [null] c.a.l.service.GpsPollingService.parseGpsData - Parsed 7399 GPS records from JSON
2025-09-08 09:36:07.429 [GpsPolling-1] DEBUG [null] c.a.l.service.GpsPollingService.getLatestUpdates - Filtered 3542 unique vehicles from 7399 total records
2025-09-08 09:36:07.429 [GpsPolling-1] INFO  [null] c.a.l.handler.GpsWebSocketHandler.broadcastUpdate - Broadcasting 3542 records to 1 clients in batches of 10
2025-09-08 09:36:07.457 [GpsPolling-1] DEBUG [null] c.a.l.service.GpsPollingService.processData - Broadcasted 3542 records to WebSocket clients
2025-09-08 09:36:07.458 [GpsPolling-1] INFO  [null] c.a.l.service.GpsPollingService.lambda$checkForUpdates$1 - Polling completed: processed 3542 GPS records
2025-09-08 09:36:09.470 [GpsPolling-1] DEBUG [null] c.a.l.service.GpsPollingService.lambda$checkForUpdates$1 - Starting scheduled GPS polling
2025-09-08 09:36:09.471 [GpsPolling-1] DEBUG [null] c.a.l.service.GpsPollingService.lambda$checkForUpdates$1 - Fetching GPS data from 2025-09-08+09:34:59 to 2025-09-08+09:36:09
2025-09-08 09:36:09.471 [GpsPolling-1] DEBUG [null] c.a.l.service.GpsPollingService.fetchGpsData - Making request to URL: https://dados.mobilidade.rio/gps/sppo?dataInicial=2025-09-08+09:34:59&dataFinal=2025-09-08+09:36:09
2025-09-08 09:36:42.094 [GpsPolling-1] DEBUG [null] c.a.l.service.GpsPollingService.fetchGpsData - Received response with 1390236 characters
2025-09-08 09:36:42.104 [GpsPolling-1] DEBUG [null] c.a.l.service.GpsPollingService.parseGpsData - Parsed 7253 GPS records from JSON
2025-09-08 09:36:42.105 [GpsPolling-1] DEBUG [null] c.a.l.service.GpsPollingService.getLatestUpdates - Filtered 3550 unique vehicles from 7253 total records
2025-09-08 09:36:42.106 [GpsPolling-1] INFO  [null] c.a.l.handler.GpsWebSocketHandler.broadcastUpdate - Broadcasting 3550 records to 1 clients in batches of 10
2025-09-08 09:36:42.156 [GpsPolling-1] DEBUG [null] c.a.l.service.GpsPollingService.processData - Broadcasted 3550 records to WebSocket clients
2025-09-08 09:36:42.157 [GpsPolling-1] INFO  [null] c.a.l.service.GpsPollingService.lambda$checkForUpdates$1 - Polling completed: processed 3550 GPS records
2025-09-08 09:36:44.158 [GpsPolling-1] DEBUG [null] c.a.l.service.GpsPollingService.lambda$checkForUpdates$1 - Starting scheduled GPS polling
2025-09-08 09:36:44.159 [GpsPolling-1] DEBUG [null] c.a.l.service.GpsPollingService.lambda$checkForUpdates$1 - Fetching GPS data from 2025-09-08+09:35:34 to 2025-09-08+09:36:44
2025-09-08 09:36:44.161 [GpsPolling-1] DEBUG [null] c.a.l.service.GpsPollingService.fetchGpsData - Making request to URL: https://dados.mobilidade.rio/gps/sppo?dataInicial=2025-09-08+09:35:34&dataFinal=2025-09-08+09:36:44
2025-09-08 09:37:18.002 [GpsPolling-1] DEBUG [null] c.a.l.service.GpsPollingService.fetchGpsData - Received response with 1350231 characters
2025-09-08 09:37:18.012 [GpsPolling-1] DEBUG [null] c.a.l.service.GpsPollingService.parseGpsData - Parsed 7044 GPS records from JSON
2025-09-08 09:37:18.013 [GpsPolling-1] DEBUG [null] c.a.l.service.GpsPollingService.getLatestUpdates - Filtered 3544 unique vehicles from 7044 total records
2025-09-08 09:37:18.014 [GpsPolling-1] INFO  [null] c.a.l.handler.GpsWebSocketHandler.broadcastUpdate - Broadcasting 3544 records to 1 clients in batches of 10
2025-09-08 09:37:18.064 [GpsPolling-1] DEBUG [null] c.a.l.service.GpsPollingService.processData - Broadcasted 3544 records to WebSocket clients
2025-09-08 09:37:18.064 [GpsPolling-1] INFO  [null] c.a.l.service.GpsPollingService.lambda$checkForUpdates$1 - Polling completed: processed 3544 GPS records
2025-09-08 09:37:20.070 [GpsPolling-1] DEBUG [null] c.a.l.service.GpsPollingService.lambda$checkForUpdates$1 - Starting scheduled GPS polling
2025-09-08 09:37:20.071 [GpsPolling-1] DEBUG [null] c.a.l.service.GpsPollingService.lambda$checkForUpdates$1 - Fetching GPS data from 2025-09-08+09:36:10 to 2025-09-08+09:37:20
2025-09-08 09:37:20.071 [GpsPolling-1] DEBUG [null] c.a.l.service.GpsPollingService.fetchGpsData - Making request to URL: https://dados.mobilidade.rio/gps/sppo?dataInicial=2025-09-08+09:36:10&dataFinal=2025-09-08+09:37:20
2025-09-08 09:37:53.516 [GpsPolling-1] DEBUG [null] c.a.l.service.GpsPollingService.fetchGpsData - Received response with 1574178 characters
2025-09-08 09:37:53.528 [GpsPolling-1] DEBUG [null] c.a.l.service.GpsPollingService.parseGpsData - Parsed 8211 GPS records from JSON
2025-09-08 09:37:53.530 [GpsPolling-1] DEBUG [null] c.a.l.service.GpsPollingService.getLatestUpdates - Filtered 3559 unique vehicles from 8211 total records
2025-09-08 09:37:53.530 [GpsPolling-1] INFO  [null] c.a.l.handler.GpsWebSocketHandler.broadcastUpdate - Broadcasting 3559 records to 1 clients in batches of 10
2025-09-08 09:37:53.565 [GpsPolling-1] DEBUG [null] c.a.l.service.GpsPollingService.processData - Broadcasted 3559 records to WebSocket clients
2025-09-08 09:37:53.566 [GpsPolling-1] INFO  [null] c.a.l.service.GpsPollingService.lambda$checkForUpdates$1 - Polling completed: processed 3559 GPS records
2025-09-08 09:37:55.581 [GpsPolling-1] DEBUG [null] c.a.l.service.GpsPollingService.lambda$checkForUpdates$1 - Starting scheduled GPS polling
2025-09-08 09:37:55.581 [GpsPolling-1] DEBUG [null] c.a.l.service.GpsPollingService.lambda$checkForUpdates$1 - Fetching GPS data from 2025-09-08+09:36:45 to 2025-09-08+09:37:55
2025-09-08 09:37:55.582 [GpsPolling-1] DEBUG [null] c.a.l.service.GpsPollingService.fetchGpsData - Making request to URL: https://dados.mobilidade.rio/gps/sppo?dataInicial=2025-09-08+09:36:45&dataFinal=2025-09-08+09:37:55
2025-09-08 09:38:37.200 [GpsPolling-1] DEBUG [null] c.a.l.service.GpsPollingService.fetchGpsData - Received response with 1643583 characters
2025-09-08 09:38:37.216 [GpsPolling-1] DEBUG [null] c.a.l.service.GpsPollingService.parseGpsData - Parsed 8573 GPS records from JSON
2025-09-08 09:38:37.217 [GpsPolling-1] DEBUG [null] c.a.l.service.GpsPollingService.getLatestUpdates - Filtered 3554 unique vehicles from 8573 total records
2025-09-08 09:38:37.217 [GpsPolling-1] INFO  [null] c.a.l.handler.GpsWebSocketHandler.broadcastUpdate - Broadcasting 3554 records to 1 clients in batches of 10
2025-09-08 09:38:37.257 [GpsPolling-1] DEBUG [null] c.a.l.service.GpsPollingService.processData - Broadcasted 3554 records to WebSocket clients
2025-09-08 09:38:37.257 [GpsPolling-1] INFO  [null] c.a.l.service.GpsPollingService.lambda$checkForUpdates$1 - Polling completed: processed 3554 GPS records
2025-09-08 09:38:39.261 [GpsPolling-1] DEBUG [null] c.a.l.service.GpsPollingService.lambda$checkForUpdates$1 - Starting scheduled GPS polling
2025-09-08 09:38:39.261 [GpsPolling-1] DEBUG [null] c.a.l.service.GpsPollingService.lambda$checkForUpdates$1 - Fetching GPS data from 2025-09-08+09:37:29 to 2025-09-08+09:38:39
2025-09-08 09:38:39.261 [GpsPolling-1] DEBUG [null] c.a.l.service.GpsPollingService.fetchGpsData - Making request to URL: https://dados.mobilidade.rio/gps/sppo?dataInicial=2025-09-08+09:37:29&dataFinal=2025-09-08+09:38:39
2025-09-08 09:38:54.917 [GpsPolling-1] DEBUG [null] c.a.l.service.GpsPollingService.fetchGpsData - Received response with 1410034 characters
2025-09-08 09:38:54.924 [GpsPolling-1] DEBUG [null] c.a.l.service.GpsPollingService.parseGpsData - Parsed 7356 GPS records from JSON
2025-09-08 09:38:54.924 [GpsPolling-1] DEBUG [null] c.a.l.service.GpsPollingService.getLatestUpdates - Filtered 3547 unique vehicles from 7356 total records
2025-09-08 09:38:54.925 [GpsPolling-1] INFO  [null] c.a.l.handler.GpsWebSocketHandler.broadcastUpdate - Broadcasting 3547 records to 1 clients in batches of 10
2025-09-08 09:38:54.953 [GpsPolling-1] DEBUG [null] c.a.l.service.GpsPollingService.processData - Broadcasted 3547 records to WebSocket clients
2025-09-08 09:38:54.953 [GpsPolling-1] INFO  [null] c.a.l.service.GpsPollingService.lambda$checkForUpdates$1 - Polling completed: processed 3547 GPS records
2025-09-08 09:38:56.969 [GpsPolling-1] DEBUG [null] c.a.l.service.GpsPollingService.lambda$checkForUpdates$1 - Starting scheduled GPS polling
2025-09-08 09:38:56.970 [GpsPolling-1] DEBUG [null] c.a.l.service.GpsPollingService.lambda$checkForUpdates$1 - Fetching GPS data from 2025-09-08+09:37:46 to 2025-09-08+09:38:56
2025-09-08 09:38:56.970 [GpsPolling-1] DEBUG [null] c.a.l.service.GpsPollingService.fetchGpsData - Making request to URL: https://dados.mobilidade.rio/gps/sppo?dataInicial=2025-09-08+09:37:46&dataFinal=2025-09-08+09:38:56
2025-09-08 09:39:34.967 [GpsPolling-1] DEBUG [null] c.a.l.service.GpsPollingService.fetchGpsData - Received response with 1614974 characters
2025-09-08 09:39:34.985 [GpsPolling-1] DEBUG [null] c.a.l.service.GpsPollingService.parseGpsData - Parsed 8424 GPS records from JSON
2025-09-08 09:39:34.987 [GpsPolling-1] DEBUG [null] c.a.l.service.GpsPollingService.getLatestUpdates - Filtered 3594 unique vehicles from 8424 total records
2025-09-08 09:39:34.987 [GpsPolling-1] INFO  [null] c.a.l.handler.GpsWebSocketHandler.broadcastUpdate - Broadcasting 3594 records to 1 clients in batches of 10
2025-09-08 09:39:35.018 [GpsPolling-1] DEBUG [null] c.a.l.service.GpsPollingService.processData - Broadcasted 3594 records to WebSocket clients
2025-09-08 09:39:35.018 [GpsPolling-1] INFO  [null] c.a.l.service.GpsPollingService.lambda$checkForUpdates$1 - Polling completed: processed 3594 GPS records
2025-09-08 09:39:37.022 [GpsPolling-1] DEBUG [null] c.a.l.service.GpsPollingService.lambda$checkForUpdates$1 - Starting scheduled GPS polling
2025-09-08 09:39:37.024 [GpsPolling-1] DEBUG [null] c.a.l.service.GpsPollingService.lambda$checkForUpdates$1 - Fetching GPS data from 2025-09-08+09:38:27 to 2025-09-08+09:39:37
2025-09-08 09:39:37.025 [GpsPolling-1] DEBUG [null] c.a.l.service.GpsPollingService.fetchGpsData - Making request to URL: https://dados.mobilidade.rio/gps/sppo?dataInicial=2025-09-08+09:38:27&dataFinal=2025-09-08+09:39:37
2025-09-08 09:40:11.017 [GpsPolling-1] DEBUG [null] c.a.l.service.GpsPollingService.fetchGpsData - Received response with 1439663 characters
2025-09-08 09:40:11.027 [GpsPolling-1] DEBUG [null] c.a.l.service.GpsPollingService.parseGpsData - Parsed 7511 GPS records from JSON
2025-09-08 09:40:11.029 [GpsPolling-1] DEBUG [null] c.a.l.service.GpsPollingService.getLatestUpdates - Filtered 3581 unique vehicles from 7511 total records
2025-09-08 09:40:11.029 [GpsPolling-1] INFO  [null] c.a.l.handler.GpsWebSocketHandler.broadcastUpdate - Broadcasting 3581 records to 1 clients in batches of 10
2025-09-08 09:40:11.061 [GpsPolling-1] DEBUG [null] c.a.l.service.GpsPollingService.processData - Broadcasted 3581 records to WebSocket clients
2025-09-08 09:40:11.061 [GpsPolling-1] INFO  [null] c.a.l.service.GpsPollingService.lambda$checkForUpdates$1 - Polling completed: processed 3581 GPS records
2025-09-08 09:40:13.063 [GpsPolling-1] DEBUG [null] c.a.l.service.GpsPollingService.lambda$checkForUpdates$1 - Starting scheduled GPS polling
2025-09-08 09:40:13.064 [GpsPolling-1] DEBUG [null] c.a.l.service.GpsPollingService.lambda$checkForUpdates$1 - Fetching GPS data from 2025-09-08+09:39:03 to 2025-09-08+09:40:13
2025-09-08 09:40:13.065 [GpsPolling-1] DEBUG [null] c.a.l.service.GpsPollingService.fetchGpsData - Making request to URL: https://dados.mobilidade.rio/gps/sppo?dataInicial=2025-09-08+09:39:03&dataFinal=2025-09-08+09:40:13
2025-09-08 09:40:49.299 [GpsPolling-1] DEBUG [null] c.a.l.service.GpsPollingService.fetchGpsData - Received response with 1401481 characters
2025-09-08 09:40:49.307 [GpsPolling-1] DEBUG [null] c.a.l.service.GpsPollingService.parseGpsData - Parsed 7313 GPS records from JSON
2025-09-08 09:40:49.308 [GpsPolling-1] DEBUG [null] c.a.l.service.GpsPollingService.getLatestUpdates - Filtered 3544 unique vehicles from 7313 total records
2025-09-08 09:40:49.308 [GpsPolling-1] INFO  [null] c.a.l.handler.GpsWebSocketHandler.broadcastUpdate - Broadcasting 3544 records to 1 clients in batches of 10
2025-09-08 09:40:49.342 [GpsPolling-1] DEBUG [null] c.a.l.service.GpsPollingService.processData - Broadcasted 3544 records to WebSocket clients
2025-09-08 09:40:49.342 [GpsPolling-1] INFO  [null] c.a.l.service.GpsPollingService.lambda$checkForUpdates$1 - Polling completed: processed 3544 GPS records
2025-09-08 09:40:51.356 [GpsPolling-1] DEBUG [null] c.a.l.service.GpsPollingService.lambda$checkForUpdates$1 - Starting scheduled GPS polling
2025-09-08 09:40:51.356 [GpsPolling-1] DEBUG [null] c.a.l.service.GpsPollingService.lambda$checkForUpdates$1 - Fetching GPS data from 2025-09-08+09:39:41 to 2025-09-08+09:40:51
2025-09-08 09:40:51.359 [GpsPolling-1] DEBUG [null] c.a.l.service.GpsPollingService.fetchGpsData - Making request to URL: https://dados.mobilidade.rio/gps/sppo?dataInicial=2025-09-08+09:39:41&dataFinal=2025-09-08+09:40:51
2025-09-08 09:41:31.739 [GpsPolling-1] DEBUG [null] c.a.l.service.GpsPollingService.fetchGpsData - Received response with 1365126 characters
2025-09-08 09:41:31.751 [GpsPolling-1] DEBUG [null] c.a.l.service.GpsPollingService.parseGpsData - Parsed 7122 GPS records from JSON
2025-09-08 09:41:31.752 [GpsPolling-1] DEBUG [null] c.a.l.service.GpsPollingService.getLatestUpdates - Filtered 3502 unique vehicles from 7122 total records
2025-09-08 09:41:31.752 [GpsPolling-1] INFO  [null] c.a.l.handler.GpsWebSocketHandler.broadcastUpdate - Broadcasting 3502 records to 1 clients in batches of 10
2025-09-08 09:41:31.783 [GpsPolling-1] DEBUG [null] c.a.l.service.GpsPollingService.processData - Broadcasted 3502 records to WebSocket clients
2025-09-08 09:41:31.783 [GpsPolling-1] INFO  [null] c.a.l.service.GpsPollingService.lambda$checkForUpdates$1 - Polling completed: processed 3502 GPS records
2025-09-08 09:41:33.799 [GpsPolling-1] DEBUG [null] c.a.l.service.GpsPollingService.lambda$checkForUpdates$1 - Starting scheduled GPS polling
2025-09-08 09:41:33.800 [GpsPolling-1] DEBUG [null] c.a.l.service.GpsPollingService.lambda$checkForUpdates$1 - Fetching GPS data from 2025-09-08+09:40:23 to 2025-09-08+09:41:33
2025-09-08 09:41:33.801 [GpsPolling-1] DEBUG [null] c.a.l.service.GpsPollingService.fetchGpsData - Making request to URL: https://dados.mobilidade.rio/gps/sppo?dataInicial=2025-09-08+09:40:23&dataFinal=2025-09-08+09:41:33
2025-09-08 09:42:12.522 [GpsPolling-1] DEBUG [null] c.a.l.service.GpsPollingService.fetchGpsData - Received response with 1512395 characters
2025-09-08 09:42:12.532 [GpsPolling-1] DEBUG [null] c.a.l.service.GpsPollingService.parseGpsData - Parsed 7889 GPS records from JSON
2025-09-08 09:42:12.533 [GpsPolling-1] DEBUG [null] c.a.l.service.GpsPollingService.getLatestUpdates - Filtered 3575 unique vehicles from 7889 total records
2025-09-08 09:42:12.533 [GpsPolling-1] INFO  [null] c.a.l.handler.GpsWebSocketHandler.broadcastUpdate - Broadcasting 3575 records to 1 clients in batches of 10
2025-09-08 09:42:12.566 [GpsPolling-1] DEBUG [null] c.a.l.service.GpsPollingService.processData - Broadcasted 3575 records to WebSocket clients
2025-09-08 09:42:12.567 [GpsPolling-1] INFO  [null] c.a.l.service.GpsPollingService.lambda$checkForUpdates$1 - Polling completed: processed 3575 GPS records
2025-09-08 09:42:14.578 [GpsPolling-1] DEBUG [null] c.a.l.service.GpsPollingService.lambda$checkForUpdates$1 - Starting scheduled GPS polling
2025-09-08 09:42:14.578 [GpsPolling-1] DEBUG [null] c.a.l.service.GpsPollingService.lambda$checkForUpdates$1 - Fetching GPS data from 2025-09-08+09:41:04 to 2025-09-08+09:42:14
2025-09-08 09:42:14.578 [GpsPolling-1] DEBUG [null] c.a.l.service.GpsPollingService.fetchGpsData - Making request to URL: https://dados.mobilidade.rio/gps/sppo?dataInicial=2025-09-08+09:41:04&dataFinal=2025-09-08+09:42:14
2025-09-08 09:42:29.765 [SpringApplicationShutdownHook] INFO  [null] o.s.b.w.e.tomcat.GracefulShutdown.shutDownGracefully - Commencing graceful shutdown. Waiting for active requests to complete
2025-09-08 09:42:29.790 [tomcat-shutdown] INFO  [null] o.s.b.w.e.tomcat.GracefulShutdown.doShutdown - Graceful shutdown complete
